<?xml version="1.0" encoding="UTF-8"?>
<!-- Generated by org.testng.reporters.JUnitReportReporter -->
<testsuite skipped="0" hostname="rupesh3151597" name="test.facebook.TestClass" tests="1" failures="0" timestamp="2021-02-21T10:20:53 IST" time="0.006" errors="0">
  <testcase name="navigateToFacebookHomePage" time="0.006" classname="test.facebook.TestClass"/>
  <system-out/>
</testsuite> <!-- test.facebook.TestClass -->
