<?xml version="1.0" encoding="UTF-8"?>
<!-- Generated by org.testng.reporters.JUnitReportReporter -->
<testsuite skipped="0" hostname="rupesh3151597" name="com.rpshjha.test.Test_day2" tests="4" failures="0" timestamp="2021-04-14T15:17:10 IST" time="139.087" errors="0">
  <testcase name="clickOnSwipeButtonAndFetchCarouselText" time="16.346" classname="com.rpshjha.test.Test_day2"/>
  <system-out/>
  <testcase name="clickOnSwipeButtonAndFetchCarouselText" time="24.328" classname="com.rpshjha.test.Test_day2"/>
  <system-out/>
  <testcase name="clickOnSwipeButtonAndFetchCarouselText" time="34.781" classname="com.rpshjha.test.Test_day2"/>
  <system-out/>
  <testcase name="clickOnSwipeButtonAndFetchCarouselText" time="63.632" classname="com.rpshjha.test.Test_day2"/>
  <system-out/>
</testsuite> <!-- com.rpshjha.test.Test_day2 -->
