<?xml version="1.0" encoding="UTF-8"?>
<!-- Generated by org.testng.reporters.JUnitReportReporter -->
<testsuite skipped="0" hostname="rupesh3151597" name="com.rpshjha.test.Test_day2" tests="4" failures="0" timestamp="2021-04-14T16:27:34 IST" time="129.564" errors="0">
  <testcase name="clickOnSwipeButtonAndFetchCarouselText" time="61.713" classname="com.rpshjha.test.Test_day2"/>
  <system-out/>
  <testcase name="clickOnSwipeButtonAndFetchCarouselText" time="18.723" classname="com.rpshjha.test.Test_day2"/>
  <system-out/>
  <testcase name="clickOnSwipeButtonAndFetchCarouselText" time="34.225" classname="com.rpshjha.test.Test_day2"/>
  <system-out/>
  <testcase name="clickOnSwipeButtonAndFetchCarouselText" time="14.903" classname="com.rpshjha.test.Test_day2"/>
  <system-out/>
</testsuite> <!-- com.rpshjha.test.Test_day2 -->
