<?xml version="1.0" encoding="UTF-8"?>
<!-- Generated by org.testng.reporters.JUnitReportReporter -->
<testsuite skipped="0" hostname="rupesh3151597" name="com.rpshjha.test.Test_day2" tests="4" failures="0" timestamp="2021-04-15T14:12:08 IST" time="108.252" errors="0">
  <testcase name="clickOnSwipeButtonAndFetchCarouselText" time="41.608" classname="com.rpshjha.test.Test_day2"/>
  <system-out/>
  <testcase name="clickOnSwipeButtonAndFetchCarouselText" time="30.319" classname="com.rpshjha.test.Test_day2"/>
  <system-out/>
  <testcase name="clickOnSwipeButtonAndFetchCarouselText" time="21.561" classname="com.rpshjha.test.Test_day2"/>
  <system-out/>
  <testcase name="clickOnSwipeButtonAndFetchCarouselText" time="14.764" classname="com.rpshjha.test.Test_day2"/>
  <system-out/>
</testsuite> <!-- com.rpshjha.test.Test_day2 -->
