<?xml version="1.0" encoding="UTF-8"?>
<!-- Generated by org.testng.reporters.JUnitReportReporter -->
<testsuite skipped="0" hostname="rupesh3151597" name="facebook.test.TestClass" tests="2" failures="0" timestamp="2021-02-21T20:49:49 IST" time="13.799" errors="0">
  <testcase name="navigateToFacebookHomePage" time="5.963" classname="facebook.test.TestClass"/>
  <system-out/>
  <testcase name="goToGroupsAndExtractPostTime" time="7.836" classname="facebook.test.TestClass"/>
  <system-out/>
</testsuite> <!-- facebook.test.TestClass -->
